<?xml version="1.0" encoding="UTF-8"?>
<testng-results skipped="0" failed="1" ignored="0" total="4" passed="3">
  <reporter-output>
  </reporter-output>
  <suite name="Suite" duration-ms="129920" started-at="2024-04-17T13:31:44 BDT" finished-at="2024-04-17T13:33:54 BDT">
    <groups>
      <group name="cucumber">
        <method signature="AbstractTestNGCucumberTests.runScenario(io.cucumber.testng.PickleWrapper, io.cucumber.testng.FeatureWrapper)[pri:0, instance:TestRunner.ReplacementRunnerTest@1ea9f6af]" name="runScenario" class="io.cucumber.testng.AbstractTestNGCucumberTests"/>
      </group> <!-- cucumber -->
    </groups>
    <test name="appTest" duration-ms="129920" started-at="2024-04-17T13:31:44 BDT" finished-at="2024-04-17T13:33:54 BDT">
      <class name="TestRunner.ReplacementRunnerTest">
        <test-method status="PASS" signature="setUpClass()[pri:0, instance:TestRunner.ReplacementRunnerTest@1ea9f6af]" name="setUpClass" is-config="true" duration-ms="343" started-at="2024-04-17T13:31:44 BDT" finished-at="2024-04-17T13:31:45 BDT">
          <reporter-output>
          </reporter-output>
        </test-method> <!-- setUpClass -->
        <test-method status="PASS" signature="runScenario(io.cucumber.testng.PickleWrapper, io.cucumber.testng.FeatureWrapper)[pri:0, instance:TestRunner.ReplacementRunnerTest@1ea9f6af]" name="runScenario" duration-ms="28493" started-at="2024-04-17T13:31:45 BDT" description="Runs Cucumber Scenarios" data-provider="scenarios" finished-at="2024-04-17T13:32:13 BDT">
          <params>
            <param index="0">
              <value>
                <![CDATA["registration with valid data"]]>
              </value>
            </param>
            <param index="1">
              <value>
                <![CDATA["Optional[Registration And Login]"]]>
              </value>
            </param>
          </params>
          <reporter-output>
          </reporter-output>
        </test-method> <!-- runScenario -->
        <test-method status="PASS" signature="runScenario(io.cucumber.testng.PickleWrapper, io.cucumber.testng.FeatureWrapper)[pri:0, instance:TestRunner.ReplacementRunnerTest@1ea9f6af]" name="runScenario" duration-ms="19621" started-at="2024-04-17T13:32:13 BDT" description="Runs Cucumber Scenarios" data-provider="scenarios" finished-at="2024-04-17T13:32:33 BDT">
          <params>
            <param index="0">
              <value>
                <![CDATA["user login with valid data"]]>
              </value>
            </param>
            <param index="1">
              <value>
                <![CDATA["Optional[Registration And Login]"]]>
              </value>
            </param>
          </params>
          <reporter-output>
          </reporter-output>
        </test-method> <!-- runScenario -->
        <test-method status="PASS" signature="runScenario(io.cucumber.testng.PickleWrapper, io.cucumber.testng.FeatureWrapper)[pri:0, instance:TestRunner.ReplacementRunnerTest@1ea9f6af]" name="runScenario" duration-ms="30575" started-at="2024-04-17T13:32:33 BDT" description="Runs Cucumber Scenarios" data-provider="scenarios" finished-at="2024-04-17T13:33:04 BDT">
          <params>
            <param index="0">
              <value>
                <![CDATA["synchronise all the feature"]]>
              </value>
            </param>
            <param index="1">
              <value>
                <![CDATA["Optional[Synchronise]"]]>
              </value>
            </param>
          </params>
          <reporter-output>
          </reporter-output>
        </test-method> <!-- runScenario -->
        <test-method status="FAIL" signature="runScenario(io.cucumber.testng.PickleWrapper, io.cucumber.testng.FeatureWrapper)[pri:0, instance:TestRunner.ReplacementRunnerTest@1ea9f6af]" name="runScenario" duration-ms="50805" started-at="2024-04-17T13:33:04 BDT" description="Runs Cucumber Scenarios" data-provider="scenarios" finished-at="2024-04-17T13:33:54 BDT">
          <params>
            <param index="0">
              <value>
                <![CDATA["replacement the order"]]>
              </value>
            </param>
            <param index="1">
              <value>
                <![CDATA["Optional[Replacement Order]"]]>
              </value>
            </param>
          </params>
          <exception class="org.openqa.selenium.remote.UnreachableBrowserException">
            <message>
              <![CDATA[Error communicating with the remote browser. It may have died.
Build info: version: '4.7.0', revision: '0a5b49d16f'
System info: os.name: 'Windows 10', os.arch: 'amd64', os.version: '10.0', java.version: '1.8.0_202'
Driver info: io.appium.java_client.android.AndroidDriver
Command: [f95acb96-90aa-4f1d-bf79-aa70f3468350, stopRecordingScreen {}]
Capabilities {appium:appActivity: .LoginActivity, appium:appPackage: com.sil.salesorderstl, appium:autoGrantPermissions: true, appium:databaseEnabled: false, appium:desired: {appActivity: .LoginActivity, appPackage: com.sil.salesorderstl, autoGrantPermissions: true, deviceName: SM-A047F, platformName: android, platformVersion: 13.0, udid: R58TA0A316N}, appium:deviceApiLevel: 34, appium:deviceManufacturer: samsung, appium:deviceModel: SM-A047F, appium:deviceName: R58TA0A316N, appium:deviceScreenDensity: 300, appium:deviceScreenSize: 720x1600, appium:deviceUDID: R58TA0A316N, appium:javascriptEnabled: true, appium:locationContextEnabled: false, appium:networkConnectionEnabled: true, appium:pixelRatio: 1.875, appium:platformVersion: 14, appium:statBarHeight: 48, appium:takesScreenshot: true, appium:udid: R58TA0A316N, appium:viewportRect: {height: 1417, left: 0, top: 48, width: 720}, appium:warnings: {}, appium:webStorageEnabled: false, platformName: ANDROID}
Session ID: f95acb96-90aa-4f1d-bf79-aa70f3468350]]>
            </message>
            <full-stacktrace>
              <![CDATA[org.openqa.selenium.remote.UnreachableBrowserException: Error communicating with the remote browser. It may have died.
Build info: version: '4.7.0', revision: '0a5b49d16f'
System info: os.name: 'Windows 10', os.arch: 'amd64', os.version: '10.0', java.version: '1.8.0_202'
Driver info: io.appium.java_client.android.AndroidDriver
Command: [f95acb96-90aa-4f1d-bf79-aa70f3468350, stopRecordingScreen {}]
Capabilities {appium:appActivity: .LoginActivity, appium:appPackage: com.sil.salesorderstl, appium:autoGrantPermissions: true, appium:databaseEnabled: false, appium:desired: {appActivity: .LoginActivity, appPackage: com.sil.salesorderstl, autoGrantPermissions: true, deviceName: SM-A047F, platformName: android, platformVersion: 13.0, udid: R58TA0A316N}, appium:deviceApiLevel: 34, appium:deviceManufacturer: samsung, appium:deviceModel: SM-A047F, appium:deviceName: R58TA0A316N, appium:deviceScreenDensity: 300, appium:deviceScreenSize: 720x1600, appium:deviceUDID: R58TA0A316N, appium:javascriptEnabled: true, appium:locationContextEnabled: false, appium:networkConnectionEnabled: true, appium:pixelRatio: 1.875, appium:platformVersion: 14, appium:statBarHeight: 48, appium:takesScreenshot: true, appium:udid: R58TA0A316N, appium:viewportRect: {height: 1417, left: 0, top: 48, width: 720}, appium:warnings: {}, appium:webStorageEnabled: false, platformName: ANDROID}
Session ID: f95acb96-90aa-4f1d-bf79-aa70f3468350
at org.openqa.selenium.remote.RemoteWebDriver.execute(RemoteWebDriver.java:565)
at org.openqa.selenium.remote.RemoteWebDriver.execute(RemoteWebDriver.java:596)
at io.appium.java_client.AppiumDriver.execute(AppiumDriver.java:272)
at io.appium.java_client.screenrecording.CanRecordScreen.stopRecordingScreen(CanRecordScreen.java:72)
at Core.AppHelper.stopRecording(AppHelper.java:66)
at SPAStepDefinition.ReplacementStepDefinition.successfullyReplaceTheProducts(ReplacementStepDefinition.java:47)
at ✽.successfully replace the products(file:///C:/Users/Rafi/Desktop/SPA_SFBL/SPAAndroidAutomation/src/test/resources/Features/04_replacement.feature:11)
Caused by: java.lang.OutOfMemoryError: Java heap space
at java.util.Arrays.copyOfRange(Arrays.java:3664)
at java.lang.String.<init>(String.java:207)
at java.lang.StringBuilder.toString(StringBuilder.java:407)
at java.util.Formatter.toString(Formatter.java:2355)
at java.lang.String.format(String.java:2940)
at org.openqa.selenium.remote.codec.w3c.W3CHttpResponseCodec.decode(W3CHttpResponseCodec.java:79)
at org.openqa.selenium.remote.codec.w3c.W3CHttpResponseCodec.decode(W3CHttpResponseCodec.java:53)
at org.openqa.selenium.remote.HttpCommandExecutor.execute(HttpCommandExecutor.java:184)
at io.appium.java_client.remote.AppiumCommandExecutor.execute(AppiumCommandExecutor.java:262)
at org.openqa.selenium.remote.RemoteWebDriver.execute(RemoteWebDriver.java:541)
at org.openqa.selenium.remote.RemoteWebDriver.execute(RemoteWebDriver.java:596)
at io.appium.java_client.AppiumDriver.execute(AppiumDriver.java:272)
at io.appium.java_client.screenrecording.CanRecordScreen.stopRecordingScreen(CanRecordScreen.java:72)
at Core.AppHelper.stopRecording(AppHelper.java:66)
at SPAStepDefinition.ReplacementStepDefinition.successfullyReplaceTheProducts(ReplacementStepDefinition.java:47)
at sun.reflect.NativeMethodAccessorImpl.invoke0(Native Method)
at sun.reflect.NativeMethodAccessorImpl.invoke(NativeMethodAccessorImpl.java:62)
at sun.reflect.DelegatingMethodAccessorImpl.invoke(DelegatingMethodAccessorImpl.java:43)
at java.lang.reflect.Method.invoke(Method.java:498)
at io.cucumber.java.Invoker.doInvoke(Invoker.java:66)
at io.cucumber.java.Invoker.invoke(Invoker.java:24)
at io.cucumber.java.AbstractGlueDefinition.invokeMethod(AbstractGlueDefinition.java:47)
at io.cucumber.java.JavaStepDefinition.execute(JavaStepDefinition.java:29)
at io.cucumber.core.runner.CoreStepDefinition.execute(CoreStepDefinition.java:66)
at io.cucumber.core.runner.PickleStepDefinitionMatch.runStep(PickleStepDefinitionMatch.java:63)
at io.cucumber.core.runner.ExecutionMode$1.execute(ExecutionMode.java:10)
at io.cucumber.core.runner.TestStep.executeStep(TestStep.java:92)
at io.cucumber.core.runner.TestStep.run(TestStep.java:64)
at io.cucumber.core.runner.PickleStepTestStep.run(PickleStepTestStep.java:51)
at io.cucumber.core.runner.TestCase.run(TestCase.java:104)
at io.cucumber.core.runner.Runner.runPickle(Runner.java:73)
at io.cucumber.testng.TestNGCucumberRunner.lambda$runScenario$0(TestNGCucumberRunner.java:117)
]]>
            </full-stacktrace>
          </exception> <!-- org.openqa.selenium.remote.UnreachableBrowserException -->
          <reporter-output>
          </reporter-output>
        </test-method> <!-- runScenario -->
        <test-method status="PASS" signature="tearDownClass()[pri:0, instance:TestRunner.ReplacementRunnerTest@1ea9f6af]" name="tearDownClass" is-config="true" duration-ms="50" started-at="2024-04-17T13:33:54 BDT" finished-at="2024-04-17T13:33:54 BDT">
          <reporter-output>
          </reporter-output>
        </test-method> <!-- tearDownClass -->
      </class> <!-- TestRunner.ReplacementRunnerTest -->
    </test> <!-- appTest -->
  </suite> <!-- Suite -->
</testng-results>
